cl : コマンド ライン warning D9035: オプション 'Gm' の使用は現在推奨されていません。今後のバージョンからは削除されます。
  Vector2.cpp
  TimeLimit.cpp
C:\Users\cre\Desktop\project\2020春季企業課題\src\TimeLimit.cpp(149,108): warning C4244: '引数': 'u64' から 'unsigned int' への変換です。データが失われる可能性があります。
C:\Users\cre\Desktop\project\2020春季企業課題\src\TimeLimit.cpp(149,30): warning C4244: '引数': 'f32' から 'int' への変換です。データが失われる可能性があります。
  TaskManager.cpp
  Selecter.cpp
C:\Users\cre\Desktop\project\2020春季企業課題\src\Selecter.cpp(452,43): warning C4244: '引数': 'double' から 'float' への変換です。データが失われる可能性があります。
C:\Users\cre\Desktop\project\2020春季企業課題\src\Selecter.cpp(452,19): warning C4244: '引数': 'double' から 'float' への変換です。データが失われる可能性があります。
C:\Users\cre\Desktop\project\2020春季企業課題\src\Selecter.cpp(453,43): warning C4244: '引数': 'double' から 'float' への変換です。データが失われる可能性があります。
C:\Users\cre\Desktop\project\2020春季企業課題\src\Selecter.cpp(453,19): warning C4244: '引数': 'double' から 'float' への変換です。データが失われる可能性があります。
C:\Users\cre\Desktop\project\2020春季企業課題\src\Selecter.cpp(565,19): warning C4244: '=': 'int' から 'float' への変換です。データが失われる可能性があります。
C:\Users\cre\Desktop\project\2020春季企業課題\src\Selecter.cpp(566,19): warning C4244: '=': 'int' から 'float' への変換です。データが失われる可能性があります。
C:\Users\cre\Desktop\project\2020春季企業課題\src\Selecter.cpp(589,45): warning C4244: '引数': 'u64' から 'unsigned int' への変換です。データが失われる可能性があります。
C:\Users\cre\Desktop\project\2020春季企業課題\src\Selecter.cpp(589,37): warning C4244: '引数': 'double' から 'int' への変換です。データが失われる可能性があります。
C:\Users\cre\Desktop\project\2020春季企業課題\src\Selecter.cpp(589,26): warning C4244: '引数': 'float' から 'int' への変換です。データが失われる可能性があります。
C:\Users\cre\Desktop\project\2020春季企業課題\src\Selecter.cpp(589,18): warning C4244: '引数': 'float' から 'int' への変換です。データが失われる可能性があります。
C:\Users\cre\Desktop\project\2020春季企業課題\src\Selecter.cpp(591,38): warning C4244: '引数': 'double' から 'int' への変換です。データが失われる可能性があります。
C:\Users\cre\Desktop\project\2020春季企業課題\src\Selecter.cpp(591,27): warning C4244: '引数': 'float' から 'int' への変換です。データが失われる可能性があります。
C:\Users\cre\Desktop\project\2020春季企業課題\src\Selecter.cpp(591,19): warning C4244: '引数': 'float' から 'int' への変換です。データが失われる可能性があります。
C:\Users\cre\Desktop\project\2020春季企業課題\src\Selecter.cpp(596,140): warning C4244: '引数': 'u64' から 'unsigned int' への変換です。データが失われる可能性があります。
C:\Users\cre\Desktop\project\2020春季企業課題\src\Selecter.cpp(596,123): warning C4244: '引数': 'double' から 'int' への変換です。データが失われる可能性があります。
C:\Users\cre\Desktop\project\2020春季企業課題\src\Selecter.cpp(596,99): warning C4244: '引数': 'double' から 'int' への変換です。データが失われる可能性があります。
C:\Users\cre\Desktop\project\2020春季企業課題\src\Selecter.cpp(596,75): warning C4244: '引数': 'double' から 'int' への変換です。データが失われる可能性があります。
C:\Users\cre\Desktop\project\2020春季企業課題\src\Selecter.cpp(596,51): warning C4244: '引数': 'double' から 'int' への変換です。データが失われる可能性があります。
C:\Users\cre\Desktop\project\2020春季企業課題\src\Selecter.cpp(596,31): warning C4244: '引数': 'float' から 'int' への変換です。データが失われる可能性があります。
C:\Users\cre\Desktop\project\2020春季企業課題\src\Selecter.cpp(596,20): warning C4244: '引数': 'float' から 'int' への変換です。データが失われる可能性があります。
C:\Users\cre\Desktop\project\2020春季企業課題\src\Selecter.cpp(598,124): warning C4244: '引数': 'double' から 'int' への変換です。データが失われる可能性があります。
C:\Users\cre\Desktop\project\2020春季企業課題\src\Selecter.cpp(598,100): warning C4244: '引数': 'double' から 'int' への変換です。データが失われる可能性があります。
C:\Users\cre\Desktop\project\2020春季企業課題\src\Selecter.cpp(598,76): warning C4244: '引数': 'double' から 'int' への変換です。データが失われる可能性があります。
C:\Users\cre\Desktop\project\2020春季企業課題\src\Selecter.cpp(598,52): warning C4244: '引数': 'double' から 'int' への変換です。データが失われる可能性があります。
C:\Users\cre\Desktop\project\2020春季企業課題\src\Selecter.cpp(598,32): warning C4244: '引数': 'float' から 'int' への変換です。データが失われる可能性があります。
C:\Users\cre\Desktop\project\2020春季企業課題\src\Selecter.cpp(598,21): warning C4244: '引数': 'float' から 'int' への変換です。データが失われる可能性があります。
C:\Users\cre\Desktop\project\2020春季企業課題\src\Selecter.cpp(602,59): warning C4244: '引数': 'u64' から 'unsigned int' への変換です。データが失われる可能性があります。
C:\Users\cre\Desktop\project\2020春季企業課題\src\Selecter.cpp(602,50): warning C4244: '引数': 'float' から 'int' への変換です。データが失われる可能性があります。
C:\Users\cre\Desktop\project\2020春季企業課題\src\Selecter.cpp(602,34): warning C4244: '引数': 'float' から 'int' への変換です。データが失われる可能性があります。
C:\Users\cre\Desktop\project\2020春季企業課題\src\Selecter.cpp(602,23): warning C4244: '引数': 'float' から 'int' への変換です。データが失われる可能性があります。
C:\Users\cre\Desktop\project\2020春季企業課題\src\Selecter.cpp(602,15): warning C4244: '引数': 'float' から 'int' への変換です。データが失われる可能性があります。
C:\Users\cre\Desktop\project\2020春季企業課題\src\Selecter.cpp(604,51): warning C4244: '引数': 'float' から 'int' への変換です。データが失われる可能性があります。
C:\Users\cre\Desktop\project\2020春季企業課題\src\Selecter.cpp(604,35): warning C4244: '引数': 'float' から 'int' への変換です。データが失われる可能性があります。
C:\Users\cre\Desktop\project\2020春季企業課題\src\Selecter.cpp(604,24): warning C4244: '引数': 'float' から 'int' への変換です。データが失われる可能性があります。
C:\Users\cre\Desktop\project\2020春季企業課題\src\Selecter.cpp(604,16): warning C4244: '引数': 'float' から 'int' への変換です。データが失われる可能性があります。
C:\Users\cre\Desktop\project\2020春季企業課題\src\Selecter.cpp(615,13): warning C4244: '初期化中': 'float' から 's16' への変換です。データが失われる可能性があります。
C:\Users\cre\Desktop\project\2020春季企業課題\src\Selecter.cpp(616,13): warning C4244: '初期化中': 'float' から 's16' への変換です。データが失われる可能性があります。
  Score.cpp
  SceneTitle.cpp
  SceneResult.cpp
  SceneRanking.cpp
C:\Users\cre\Desktop\project\2020春季企業課題\src\SceneRanking.cpp(34,20): warning C4018: '<': signed と unsigned の数値を比較しようとしました。
C:\Users\cre\Desktop\project\2020春季企業課題\src\SceneRanking.cpp(45,21): warning C4018: '<': signed と unsigned の数値を比較しようとしました。
C:\Users\cre\Desktop\project\2020春季企業課題\src\SceneRanking.cpp(64,20): warning C4018: '<': signed と unsigned の数値を比較しようとしました。
C:\Users\cre\Desktop\project\2020春季企業課題\src\SceneRanking.cpp(82,27): warning C4018: '<': signed と unsigned の数値を比較しようとしました。
C:\Users\cre\Desktop\project\2020春季企業課題\src\SceneRanking.cpp(82,48): warning C4018: '<=': signed と unsigned の数値を比較しようとしました。
C:\Users\cre\Desktop\project\2020春季企業課題\src\SceneRanking.cpp(89,76): warning C4244: '引数': 's64' から 'int' への変換です。データが失われる可能性があります。
C:\Users\cre\Desktop\project\2020春季企業課題\src\SceneRanking.cpp(91,79): warning C4244: '引数': 's64' から 'int' への変換です。データが失われる可能性があります。
C:\Users\cre\Desktop\project\2020春季企業課題\src\SceneRanking.cpp(107,27): warning C4018: '<': signed と unsigned の数値を比較しようとしました。
C:\Users\cre\Desktop\project\2020春季企業課題\src\SceneRanking.cpp(107,48): warning C4018: '<=': signed と unsigned の数値を比較しようとしました。
C:\Users\cre\Desktop\project\2020春季企業課題\src\SceneRanking.cpp(117,61): warning C4244: '引数': 's64' から 'int' への変換です。データが失われる可能性があります。
C:\Users\cre\Desktop\project\2020春季企業課題\src\SceneRanking.cpp(126,87): warning C4244: '引数': 's64' から 'int' への変換です。データが失われる可能性があります。
C:\Users\cre\Desktop\project\2020春季企業課題\src\SceneRanking.cpp(129,76): warning C4244: '引数': 's64' から 'int' への変換です。データが失われる可能性があります。
  SceneManager.cpp
C:\Users\cre\Desktop\project\2020春季企業課題\src\SceneManager.cpp(254,42): warning C4244: '引数': 'float' から 'int' への変換です。データが失われる可能性があります。
C:\Users\cre\Desktop\project\2020春季企業課題\src\SceneManager.cpp(254,31): warning C4244: '引数': 'float' から 'int' への変換です。データが失われる可能性があります。
C:\Users\cre\Desktop\project\2020春季企業課題\src\SceneManager.cpp(254,23): warning C4244: '引数': 'float' から 'int' への変換です。データが失われる可能性があります。
C:\Users\cre\Desktop\project\2020春季企業課題\src\SceneManager.cpp(254,15): warning C4244: '引数': 'float' から 'int' への変換です。データが失われる可能性があります。
C:\Users\cre\Desktop\project\2020春季企業課題\src\SceneManager.cpp(284,35): warning C4244: '引数': 'float' から 's16' への変換です。データが失われる可能性があります。
C:\Users\cre\Desktop\project\2020春季企業課題\src\SceneManager.cpp(284,16): warning C4244: '引数': 'float' から 's16' への変換です。データが失われる可能性があります。
C:\Users\cre\Desktop\project\2020春季企業課題\src\SceneManager.cpp(347,21): warning C4244: '=': 'float' から 's16' への変換です。データが失われる可能性があります。
C:\Users\cre\Desktop\project\2020春季企業課題\src\SceneManager.cpp(348,21): warning C4244: '=': 'float' から 's16' への変換です。データが失われる可能性があります。
C:\Users\cre\Desktop\project\2020春季企業課題\src\SceneManager.cpp(387,21): warning C4244: '=': 'float' から 's16' への変換です。データが失われる可能性があります。
C:\Users\cre\Desktop\project\2020春季企業課題\src\SceneManager.cpp(388,21): warning C4244: '=': 'float' から 's16' への変換です。データが失われる可能性があります。
C:\Users\cre\Desktop\project\2020春季企業課題\src\SceneManager.cpp(462,32): warning C4244: '引数': 'float' から 'int' への変換です。データが失われる可能性があります。
C:\Users\cre\Desktop\project\2020春季企業課題\src\SceneManager.cpp(464,33): warning C4244: '引数': 'float' から 'int' への変換です。データが失われる可能性があります。
C:\Users\cre\Desktop\project\2020春季企業課題\src\SceneManager.cpp(591,29): warning C4244: '引数': 'int' から 'float' への変換です。データが失われる可能性があります。
C:\Users\cre\Desktop\project\2020春季企業課題\src\SceneManager.cpp(592,39): warning C4244: '引数': 'int' から 'float' への変換です。データが失われる可能性があります。
C:\Users\cre\Desktop\project\2020春季企業課題\src\SceneManager.cpp(592,20): warning C4244: '引数': 'int' から 'float' への変換です。データが失われる可能性があります。
C:\Users\cre\Desktop\project\2020春季企業課題\src\SceneManager.cpp(593,39): warning C4244: '引数': 'int' から 'float' への変換です。データが失われる可能性があります。
C:\Users\cre\Desktop\project\2020春季企業課題\src\SceneManager.cpp(593,20): warning C4244: '引数': 'int' から 'float' への変換です。データが失われる可能性があります。
C:\Users\cre\Desktop\project\2020春季企業課題\src\SceneManager.cpp(826,67): warning C4244: '引数': 's64' から 'int' への変換です。データが失われる可能性があります。
C:\Users\cre\Desktop\project\2020春季企業課題\src\SceneManager.cpp(833,78): warning C4244: '引数': 's64' から 'int' への変換です。データが失われる可能性があります。
C:\Users\cre\Desktop\project\2020春季企業課題\src\SceneManager.cpp(841,66): warning C4244: '引数': 's64' から 'int' への変換です。データが失われる可能性があります。
C:\Users\cre\Desktop\project\2020春季企業課題\src\SceneManager.cpp(849,77): warning C4244: '引数': 's64' から 'int' への変換です。データが失われる可能性があります。
C:\Users\cre\Desktop\project\2020春季企業課題\src\SceneManager.cpp(920,31): warning C4244: '引数': 'float' から 'int' への変換です。データが失われる可能性があります。
C:\Users\cre\Desktop\project\2020春季企業課題\src\SceneManager.cpp(920,20): warning C4244: '引数': 'float' から 'int' への変換です。データが失われる可能性があります。
C:\Users\cre\Desktop\project\2020春季企業課題\src\SceneManager.cpp(921,116): warning C4244: '引数': 'float' から 'int' への変換です。データが失われる可能性があります。
C:\Users\cre\Desktop\project\2020春季企業課題\src\SceneManager.cpp(921,97): warning C4244: '引数': 'float' から 'int' への変換です。データが失われる可能性があります。
C:\Users\cre\Desktop\project\2020春季企業課題\src\SceneManager.cpp(921,78): warning C4244: '引数': 'float' から 'int' への変換です。データが失われる可能性があります。
C:\Users\cre\Desktop\project\2020春季企業課題\src\SceneManager.cpp(921,59): warning C4244: '引数': 'float' から 'int' への変換です。データが失われる可能性があります。
C:\Users\cre\Desktop\project\2020春季企業課題\src\SceneManager.cpp(921,36): warning C4244: '引数': 'float' から 'int' への変換です。データが失われる可能性があります。
C:\Users\cre\Desktop\project\2020春季企業課題\src\SceneManager.cpp(921,22): warning C4244: '引数': 'float' から 'int' への変換です。データが失われる可能性があります。
C:\Users\cre\Desktop\project\2020春季企業課題\src\SceneManager.cpp(923,61): warning C4244: '引数': 'float' から 'int' への変換です。データが失われる可能性があります。
C:\Users\cre\Desktop\project\2020春季企業課題\src\SceneManager.cpp(923,42): warning C4244: '引数': 'float' から 'int' への変換です。データが失われる可能性があります。
C:\Users\cre\Desktop\project\2020春季企業課題\src\SceneManager.cpp(923,28): warning C4244: '引数': 'float' から 'int' への変換です。データが失われる可能性があります。
C:\Users\cre\Desktop\project\2020春季企業課題\src\SceneManager.cpp(923,17): warning C4244: '引数': 'float' から 'int' への変換です。データが失われる可能性があります。
  SceneGame.cpp
  Scene.cpp
  Question.cpp
C:\Users\cre\Desktop\project\2020春季企業課題\src\Question.cpp(86,58): warning C4244: '引数': 'u64' から 'unsigned int' への変換です。データが失われる可能性があります。
C:\Users\cre\Desktop\project\2020春季企業課題\src\Question.cpp(86,26): warning C4244: '引数': 'float' から 'int' への変換です。データが失われる可能性があります。
C:\Users\cre\Desktop\project\2020春季企業課題\src\Question.cpp(86,18): warning C4244: '引数': 'float' から 'int' への変換です。データが失われる可能性があります。
C:\Users\cre\Desktop\project\2020春季企業課題\src\Question.cpp(91,129): warning C4244: '引数': 'u64' から 'unsigned int' への変換です。データが失われる可能性があります。
C:\Users\cre\Desktop\project\2020春季企業課題\src\Question.cpp(91,99): warning C4244: '引数': 'float' から 'int' への変換です。データが失われる可能性があります。
C:\Users\cre\Desktop\project\2020春季企業課題\src\Question.cpp(91,83): warning C4244: '引数': 'float' から 'int' への変換です。データが失われる可能性があります。
C:\Users\cre\Desktop\project\2020春季企業課題\src\Question.cpp(91,67): warning C4244: '引数': 'float' から 'int' への変換です。データが失われる可能性があります。
C:\Users\cre\Desktop\project\2020春季企業課題\src\Question.cpp(91,51): warning C4244: '引数': 'float' から 'int' への変換です。データが失われる可能性があります。
C:\Users\cre\Desktop\project\2020春季企業課題\src\Question.cpp(91,32): warning C4244: '引数': 'float' から 'int' への変換です。データが失われる可能性があります。
C:\Users\cre\Desktop\project\2020春季企業課題\src\Question.cpp(91,20): warning C4244: '引数': 'float' から 'int' への変換です。データが失われる可能性があります。
C:\Users\cre\Desktop\project\2020春季企業課題\src\Question.cpp(97,80): warning C4244: '引数': 'u64' から 'unsigned int' への変換です。データが失われる可能性があります。
C:\Users\cre\Desktop\project\2020春季企業課題\src\Question.cpp(97,50): warning C4244: '引数': 'float' から 'int' への変換です。データが失われる可能性があります。
C:\Users\cre\Desktop\project\2020春季企業課題\src\Question.cpp(97,34): warning C4244: '引数': 'float' から 'int' への変換です。データが失われる可能性があります。
C:\Users\cre\Desktop\project\2020春季企業課題\src\Question.cpp(97,23): warning C4244: '引数': 'float' から 'int' への変換です。データが失われる可能性があります。
C:\Users\cre\Desktop\project\2020春季企業課題\src\Question.cpp(97,15): warning C4244: '引数': 'float' から 'int' への変換です。データが失われる可能性があります。
C:\Users\cre\Desktop\project\2020春季企業課題\src\Question.cpp(108,13): warning C4244: '初期化中': 'float' から 's16' への変換です。データが失われる可能性があります。
C:\Users\cre\Desktop\project\2020春季企業課題\src\Question.cpp(109,13): warning C4244: '初期化中': 'float' から 's16' への変換です。データが失われる可能性があります。
  Main.cpp
C:\Users\cre\Desktop\project\2020春季企業課題\src\Main.cpp(137,40): warning C4244: '引数': 'u64' から 'int' への変換です。データが失われる可能性があります。
C:\Users\cre\Desktop\project\2020春季企業課題\src\Main.cpp(137,37): warning C4244: '引数': 'u64' から 'int' への変換です。データが失われる可能性があります。
C:\Users\cre\Desktop\project\2020春季企業課題\src\Main.cpp(137,34): warning C4244: '引数': 'u64' から 'int' への変換です。データが失われる可能性があります。
C:\Users\cre\Desktop\project\2020春季企業課題\src\Main.cpp(137,16): warning C4244: '引数': 'f32' から 'int' への変換です。データが失われる可能性があります。
C:\Users\cre\Desktop\project\2020春季企業課題\src\Main.cpp(137,13): warning C4244: '引数': 'f32' から 'int' への変換です。データが失われる可能性があります。
C:\Users\cre\Desktop\project\2020春季企業課題\src\Main.cpp(146,48): warning C4244: '引数': 'u64' から 'int' への変換です。データが失われる可能性があります。
C:\Users\cre\Desktop\project\2020春季企業課題\src\Main.cpp(146,45): warning C4244: '引数': 'u64' から 'int' への変換です。データが失われる可能性があります。
C:\Users\cre\Desktop\project\2020春季企業課題\src\Main.cpp(146,42): warning C4244: '引数': 'u64' から 'int' への変換です。データが失われる可能性があります。
C:\Users\cre\Desktop\project\2020春季企業課題\src\Main.cpp(146,52): warning C4244: '引数': 's64' から 'int' への変換です。データが失われる可能性があります。
C:\Users\cre\Desktop\project\2020春季企業課題\src\Main.cpp(146,24): warning C4244: '引数': 'f32' から 'int' への変換です。データが失われる可能性があります。
C:\Users\cre\Desktop\project\2020春季企業課題\src\Main.cpp(146,21): warning C4244: '引数': 'f32' から 'int' への変換です。データが失われる可能性があります。
C:\Users\cre\Desktop\project\2020春季企業課題\src\Main.cpp(186,51): warning C4244: '引数': 'float' から 'int' への変換です。データが失われる可能性があります。
C:\Users\cre\Desktop\project\2020春季企業課題\src\Main.cpp(186,33): warning C4244: '引数': 'float' から 'int' への変換です。データが失われる可能性があります。
C:\Users\cre\Desktop\project\2020春季企業課題\src\Main.cpp(186,22): warning C4244: '引数': 'float' から 'int' への変換です。データが失われる可能性があります。
C:\Users\cre\Desktop\project\2020春季企業課題\src\Main.cpp(186,14): warning C4244: '引数': 'float' から 'int' への変換です。データが失われる可能性があります。
  Hit.cpp
  Game.cpp
  Effect.cpp
C:\Users\cre\Desktop\project\2020春季企業課題\src\Effect.cpp(121,27): warning C4244: '引数': 'f32' から 'int' への変換です。データが失われる可能性があります。
C:\Users\cre\Desktop\project\2020春季企業課題\src\Effect.cpp(121,17): warning C4244: '引数': 'f32' から 'int' への変換です。データが失われる可能性があります。
C:\Users\cre\Desktop\project\2020春季企業課題\src\Effect.cpp(121,13): warning C4244: '引数': 'f32' から 'int' への変換です。データが失われる可能性があります。
C:\Users\cre\Desktop\project\2020春季企業課題\src\Effect.cpp(142,9): warning C4244: '初期化中': 'f32' から 's16' への変換です。データが失われる可能性があります。
C:\Users\cre\Desktop\project\2020春季企業課題\src\Effect.cpp(143,9): warning C4244: '初期化中': 'f32' から 's16' への変換です。データが失われる可能性があります。
C:\Users\cre\Desktop\project\2020春季企業課題\src\Effect.cpp(144,9): warning C4244: '初期化中': 'f32' から 's16' への変換です。データが失われる可能性があります。
C:\Users\cre\Desktop\project\2020春季企業課題\src\Effect.cpp(145,9): warning C4244: '初期化中': 'f32' から 's16' への変換です。データが失われる可能性があります。
  Base.cpp
  コードを生成中...
  Reflexes.vcxproj -> C:\Users\cre\Desktop\project\2020春季企業課題\Debug\Reflexes.exe
